listening on port 8080.
/
/favicon.ico
/
/favicon.ico
/
/favicon.ico
/favicon.ico
events.js:182
      throw er; // Unhandled 'error' event
      ^

Error: listen EADDRINUSE :::8080
    at Object._errnoException (util.js:1019:11)
    at _exceptionWithHostPort (util.js:1041:20)
    at Server.setupListenHandle [as _listen2] (net.js:1344:14)
    at listenInCluster (net.js:1385:12)
    at Server.listen (net.js:1469:7)
    at Object.<anonymous> (/home/invisible/Desktop/node-features/2-server.js:22:8)
    at Module._compile (module.js:624:30)
    at Object.Module._extensions..js (module.js:635:10)
    at Module.load (module.js:545:32)
    at tryModuleLoad (module.js:508:12)
/
/favicon.ico
/favicon.ico
listening on port 8080.
listening on port 8080.
listening on port 8080.
listening on port 8080.
listening on port 8080.
listening on port 8080.
listening on port 8080.
/
/favicon.ico
/favicon.ico
